<?xml version="1.0" encoding="UTF-8"?>
<!-- Generated by org.testng.reporters.JUnitXMLReporter -->
<testsuite ignored="0" hostname="HP" failures="1" tests="1" name="IReport" time="11.318" errors="0" timestamp="10 Dec 2020 10:25:01 GMT">
  <testcase classname="Listeners.test111" name="m" time="11.284">
    <failure type="java.lang.AssertionError" message="expected [Sign in – Google accounts] but found []">
      <![CDATA[java.lang.AssertionError: expected [Sign in – Google accounts] but found []
at Listeners.test111.m(test111.java:21)
... Removed 31 stack frames]]>
    </failure>
  </testcase> <!-- m -->
</testsuite> <!-- IReport -->
