<?xml version="1.0" encoding="UTF-8"?>
<testng-results ignored="0" total="1" passed="1" failed="0" skipped="0">
  <reporter-output>
  </reporter-output>
  <suite started-at="2021-03-04T05:42:12Z" name="Suite" finished-at="2021-03-04T05:42:12Z" duration-ms="32">
    <groups>
    </groups>
    <test started-at="2021-03-04T05:42:12Z" name="Test" finished-at="2021-03-04T05:42:12Z" duration-ms="32">
      <class name="ParameterPassing.demo">
        <test-method signature="m(int)[pri:0, instance:ParameterPassing.demo@1de76cc7]" started-at="2021-03-04T05:42:12Z" name="m" finished-at="2021-03-04T05:42:12Z" duration-ms="16" status="PASS">
          <params>
            <param index="0">
              <value>
                <![CDATA[33]]>
              </value>
            </param>
          </params>
          <reporter-output>
          </reporter-output>
        </test-method> <!-- m -->
      </class> <!-- ParameterPassing.demo -->
    </test> <!-- Test -->
  </suite> <!-- Suite -->
</testng-results>
